This is pdfTeX, Version 3.14159265-2.6-1.40.19 (TeX Live 2018) (preloaded format=pdflatex 2018.7.30)  17 SEP 2020 00:09
entering extended mode
 restricted \write18 enabled.
 %&-line parsing enabled.
**section.tex
(./section.tex
LaTeX2e <2018-04-01> patch level 5

! LaTeX Error: No counter 'section' defined.

See the LaTeX manual or LaTeX Companion for explanation.
Type  H <return>  for immediate help.
 ...                                              
                                                  
l.1 \setcounter{section}{3}
                           
? 

! LaTeX Error: No counter 'subsection' defined.

See the LaTeX manual or LaTeX Companion for explanation.
Type  H <return>  for immediate help.
 ...                                              
                                                  
l.2 \setcounter{subsection}{3}
                              
? 
! Emergency stop.
 ...                                              
                                                  
l.2 \setcounter{subsection}{3}
                              
Your command was ignored.
Type  I <command> <return>  to replace it with another command,
or  <return>  to continue without it.

 
Here is how much of TeX's memory you used:
 7 strings out of 492642
 285 string characters out of 6129384
 56864 words of memory out of 5000000
 3992 multiletter control sequences out of 15000+600000
 3640 words of font info for 14 fonts, out of 8000000 for 9000
 1141 hyphenation exceptions out of 8191
 5i,0n,4p,53b,14s stack positions out of 5000i,500n,10000p,200000b,80000s
!  ==> Fatal error occurred, no output PDF file produced!
